<?xml version="1.0" encoding="UTF-8"?>
<testsuite xmlns:xsi="http://www.w3.org/2001/XMLSchema-instance" xsi:noNamespaceSchemaLocation="https://maven.apache.org/surefire/maven-surefire-plugin/xsd/surefire-test-report-3.0.xsd" version="3.0" name="com.example.tecnivaapp.TecnivaAppApplicationTests" time="9.711" tests="1" errors="0" skipped="0" failures="0">
  <properties>
[...]
</properties>
  <testcase name="contextLoads" classname="com.example.tecnivaapp.TecnivaAppApplicationTests" time="1.153">
    <system-out><![CDATA[17:18:48.950 [main] INFO org.springframework.test.context.support.AnnotationConfigContextLoaderUtils -- Could not detect default configuration classes for test class [com.example.tecnivaapp.TecnivaAppApplicationTests]: TecnivaAppApplicationTests does not declare any static, non-private, non-final, nested classes annotated with @Configuration.
17:18:49.124 [main] INFO org.springframework.boot.test.context.SpringBootTestContextBootstrapper -- Found @SpringBootConfiguration com.example.tecnivaapp.TecnivaAppApplication for test class com.example.tecnivaapp.TecnivaAppApplicationTests
17:18:49.432 [main] INFO org.springframework.boot.devtools.restart.RestartApplicationListener -- Restart disabled due to context in which it is running

  .   ____          _            __ _ _
 /\\ / ___'_ __ _ _(_)_ __  __ _ \ \ \ \
( ( )\___ | '_ | '_| | '_ \/ _` | \ \ \ \
 \\/  ___)| |_)| | | | | || (_| |  ) ) ) )
  '  |____| .__|_| |_|_| |_\__, | / / / /
 =========|_|==============|___/=/_/_/_/
 :: Spring Boot ::                (v3.1.5)

2023-11-08T17:18:50.132-06:00  INFO 1704 --- [           main] c.e.t.TecnivaAppApplicationTests         : Starting TecnivaAppApplicationTests using Java 17.0.7 with PID 1704 (started by josea in C:\Users\josea\Documents\eclipse-ide\workspace\tecniva-app\tecniva-app)
2023-11-08T17:18:50.137-06:00  INFO 1704 --- [           main] c.e.t.TecnivaAppApplicationTests         : No active profile set, falling back to 1 default profile: "default"
2023-11-08T17:18:51.430-06:00  INFO 1704 --- [           main] .s.d.r.c.RepositoryConfigurationDelegate : Bootstrapping Spring Data JPA repositories in DEFAULT mode.
2023-11-08T17:18:51.540-06:00  INFO 1704 --- [           main] .s.d.r.c.RepositoryConfigurationDelegate : Finished Spring Data repository scanning in 94 ms. Found 1 JPA repository interfaces.
2023-11-08T17:18:52.660-06:00  INFO 1704 --- [           main] com.zaxxer.hikari.HikariDataSource       : HikariPool-1 - Starting...
2023-11-08T17:18:53.051-06:00  INFO 1704 --- [           main] com.zaxxer.hikari.pool.HikariPool        : HikariPool-1 - Added connection conn0: url=jdbc:h2:mem:afirmadb user=SA
2023-11-08T17:18:53.054-06:00  INFO 1704 --- [           main] com.zaxxer.hikari.HikariDataSource       : HikariPool-1 - Start completed.
2023-11-08T17:18:53.154-06:00  INFO 1704 --- [           main] o.hibernate.jpa.internal.util.LogHelper  : HHH000204: Processing PersistenceUnitInfo [name: default]
2023-11-08T17:18:53.283-06:00  INFO 1704 --- [           main] org.hibernate.Version                    : HHH000412: Hibernate ORM core version 6.2.13.Final
2023-11-08T17:18:53.287-06:00  INFO 1704 --- [           main] org.hibernate.cfg.Environment            : HHH000406: Using bytecode reflection optimizer
2023-11-08T17:18:54.126-06:00  INFO 1704 --- [           main] o.s.o.j.p.SpringPersistenceUnitInfo      : No LoadTimeWeaver setup: ignoring JPA class transformer
2023-11-08T17:18:54.254-06:00  WARN 1704 --- [           main] org.hibernate.orm.deprecation            : HHH90000025: H2Dialect does not need to be specified explicitly using 'hibernate.dialect' (remove the property setting and it will be selected by default)
2023-11-08T17:18:55.544-06:00  INFO 1704 --- [           main] o.h.e.t.j.p.i.JtaPlatformInitiator       : HHH000489: No JTA platform available (set 'hibernate.transaction.jta.platform' to enable JTA platform integration)
2023-11-08T17:18:55.615-06:00  INFO 1704 --- [           main] j.LocalContainerEntityManagerFactoryBean : Initialized JPA EntityManagerFactory for persistence unit 'default'
2023-11-08T17:18:56.377-06:00  WARN 1704 --- [           main] JpaBaseConfiguration$JpaWebConfiguration : spring.jpa.open-in-view is enabled by default. Therefore, database queries may be performed during view rendering. Explicitly configure spring.jpa.open-in-view to disable this warning
2023-11-08T17:18:57.107-06:00  INFO 1704 --- [           main] o.s.b.a.h2.H2ConsoleAutoConfiguration    : H2 console available at '/h2-console'. Database available at 'jdbc:h2:mem:afirmadb'
2023-11-08T17:18:57.189-06:00  INFO 1704 --- [           main] c.e.t.TecnivaAppApplicationTests         : Started TecnivaAppApplicationTests in 7.777 seconds (process running for 9.541)
]]></system-out>
  </testcase>
</testsuite>